{"C:\\Users\\DELL\\Documents\\todo\\src\\index.ts": {"path":"C:\\Users\\DELL\\Documents\\todo\\src\\index.ts","statementMap":{"0":{"start":{"line":1,"column":0},"end":{"line":1,"column":null}},"1":{"start":{"line":8,"column":0},"end":{"line":8,"column":67}},"2":{"start":{"line":9,"column":0},"end":{"line":9,"column":55}},"3":{"start":{"line":10,"column":0},"end":{"line":10,"column":31}},"4":{"start":{"line":11,"column":0},"end":{"line":11,"column":32}},"5":{"start":{"line":12,"column":0},"end":{"line":12,"column":38}},"6":{"start":{"line":13,"column":0},"end":{"line":13,"column":40}},"7":{"start":{"line":14,"column":0},"end":{"line":14,"column":42}},"8":{"start":{"line":15,"column":0},"end":{"line":15,"column":23}},"9":{"start":{"line":17,"column":0},"end":{"line":17,"column":null}},"10":{"start":{"line":19,"column":13},"end":{"line":19,"column":37}},"11":{"start":{"line":20,"column":0},"end":{"line":20,"column":null}},"12":{"start":{"line":22,"column":16},"end":{"line":39,"column":null}},"13":{"start":{"line":41,"column":14},"end":{"line":41,"column":35}},"14":{"start":{"line":43,"column":12},"end":{"line":43,"column":21}},"15":{"start":{"line":44,"column":0},"end":{"line":44,"column":null}},"16":{"start":{"line":45,"column":0},"end":{"line":45,"column":null}},"17":{"start":{"line":46,"column":0},"end":{"line":46,"column":null}},"18":{"start":{"line":47,"column":0},"end":{"line":47,"column":null}},"19":{"start":{"line":58,"column":0},"end":{"line":60,"column":null}},"20":{"start":{"line":59,"column":2},"end":{"line":59,"column":null}},"21":{"start":{"line":61,"column":0},"end":{"line":61,"column":null}},"22":{"start":{"line":63,"column":0},"end":{"line":70,"column":null}},"23":{"start":{"line":64,"column":2},"end":{"line":69,"column":null}},"24":{"start":{"line":72,"column":0},"end":{"line":85,"column":null}},"25":{"start":{"line":79,"column":4},"end":{"line":83,"column":null}},"26":{"start":{"line":80,"column":6},"end":{"line":80,"column":null}},"27":{"start":{"line":82,"column":6},"end":{"line":82,"column":null}},"28":{"start":{"line":86,"column":0},"end":{"line":88,"column":null}},"29":{"start":{"line":87,"column":2},"end":{"line":87,"column":null}},"30":{"start":{"line":87,"column":25},"end":{"line":87,"column":70}},"31":{"start":{"line":90,"column":0},"end":{"line":90,"column":null}}},"fnMap":{"0":{"name":"(anonymous_7)","decl":{"start":{"line":58,"column":13},"end":{"line":58,"column":14}},"loc":{"start":{"line":58,"column":54},"end":{"line":60,"column":1}}},"1":{"name":"(anonymous_8)","decl":{"start":{"line":63,"column":13},"end":{"line":63,"column":14}},"loc":{"start":{"line":63,"column":54},"end":{"line":70,"column":1}}},"2":{"name":"(anonymous_9)","decl":{"start":{"line":73,"column":2},"end":{"line":73,"column":7}},"loc":{"start":{"line":78,"column":6},"end":{"line":84,"column":3}}},"3":{"name":"(anonymous_10)","decl":{"start":{"line":87,"column":19},"end":{"line":87,"column":22}},"loc":{"start":{"line":87,"column":25},"end":{"line":87,"column":70}}}},"branchMap":{"0":{"loc":{"start":{"line":19,"column":13},"end":{"line":19,"column":29}},"type":"binary-expr","locations":[{"start":{"line":19,"column":13},"end":{"line":19,"column":29}},{"start":{"line":19,"column":33},"end":{"line":19,"column":37}}]},"1":{"loc":{"start":{"line":79,"column":4},"end":{"line":83,"column":null}},"type":"if","locations":[{"start":{"line":79,"column":4},"end":{"line":83,"column":null}},{"start":{"line":79,"column":4},"end":{"line":83,"column":null}}]},"2":{"loc":{"start":{"line":86,"column":0},"end":{"line":88,"column":null}},"type":"if","locations":[{"start":{"line":86,"column":0},"end":{"line":88,"column":null}},{"start":{"line":86,"column":0},"end":{"line":88,"column":null}}]}},"s":{"0":2,"1":2,"2":2,"3":2,"4":2,"5":2,"6":2,"7":2,"8":2,"9":2,"10":2,"11":2,"12":2,"13":2,"14":2,"15":2,"16":2,"17":2,"18":2,"19":2,"20":1,"21":2,"22":2,"23":0,"24":2,"25":2,"26":2,"27":0,"28":2,"29":0,"30":0,"31":2},"f":{"0":1,"1":0,"2":2,"3":0},"b":{"0":[2,0],"1":[2,0],"2":[0,2]}}
,"C:\\Users\\DELL\\Documents\\todo\\src\\controllers\\task.ts": {"path":"C:\\Users\\DELL\\Documents\\todo\\src\\controllers\\task.ts","statementMap":{"0":{"start":{"line":3,"column":0},"end":{"line":3,"column":58}},"1":{"start":{"line":4,"column":0},"end":{"line":4,"column":69}},"2":{"start":{"line":5,"column":0},"end":{"line":5,"column":54}},"3":{"start":{"line":23,"column":28},"end":{"line":23,"column":40}},"4":{"start":{"line":24,"column":17},"end":{"line":30,"column":6}},"5":{"start":{"line":32,"column":4},"end":{"line":49,"column":null}},"6":{"start":{"line":33,"column":6},"end":{"line":42,"column":null}},"7":{"start":{"line":34,"column":8},"end":{"line":41,"column":null}},"8":{"start":{"line":43,"column":6},"end":{"line":48,"column":null}},"9":{"start":{"line":65,"column":19},"end":{"line":65,"column":33}},"10":{"start":{"line":66,"column":29},"end":{"line":66,"column":41}},"11":{"start":{"line":67,"column":17},"end":{"line":67,"column":45}},"12":{"start":{"line":68,"column":4},"end":{"line":77,"column":null}},"13":{"start":{"line":69,"column":6},"end":{"line":76,"column":null}},"14":{"start":{"line":79,"column":36},"end":{"line":89,"column":null}},"15":{"start":{"line":91,"column":24},"end":{"line":94,"column":6}},"16":{"start":{"line":96,"column":4},"end":{"line":112,"column":null}},"17":{"start":{"line":97,"column":6},"end":{"line":102,"column":null}},"18":{"start":{"line":104,"column":6},"end":{"line":111,"column":null}},"19":{"start":{"line":129,"column":19},"end":{"line":129,"column":33}},"20":{"start":{"line":130,"column":17},"end":{"line":130,"column":45}},"21":{"start":{"line":131,"column":4},"end":{"line":140,"column":null}},"22":{"start":{"line":132,"column":6},"end":{"line":139,"column":null}},"23":{"start":{"line":141,"column":4},"end":{"line":146,"column":null}},"24":{"start":{"line":163,"column":17},"end":{"line":163,"column":39}},"25":{"start":{"line":164,"column":4},"end":{"line":173,"column":null}},"26":{"start":{"line":165,"column":6},"end":{"line":172,"column":null}},"27":{"start":{"line":174,"column":4},"end":{"line":179,"column":null}},"28":{"start":{"line":196,"column":19},"end":{"line":196,"column":33}},"29":{"start":{"line":197,"column":17},"end":{"line":199,"column":null}},"30":{"start":{"line":201,"column":4},"end":{"line":210,"column":null}},"31":{"start":{"line":202,"column":6},"end":{"line":209,"column":null}},"32":{"start":{"line":211,"column":4},"end":{"line":216,"column":null}},"33":{"start":{"line":8,"column":0},"end":{"line":8,"column":21}}},"fnMap":{"0":{"name":"(anonymous_0)","decl":{"start":{"line":18,"column":2},"end":{"line":18,"column":8}},"loc":{"start":{"line":21,"column":22},"end":{"line":50,"column":3}}},"1":{"name":"(anonymous_1)","decl":{"start":{"line":32,"column":14},"end":{"line":32,"column":15}},"loc":{"start":{"line":32,"column":22},"end":{"line":49,"column":5}}},"2":{"name":"(anonymous_2)","decl":{"start":{"line":60,"column":2},"end":{"line":60,"column":8}},"loc":{"start":{"line":63,"column":22},"end":{"line":113,"column":3}}},"3":{"name":"(anonymous_3)","decl":{"start":{"line":124,"column":2},"end":{"line":124,"column":8}},"loc":{"start":{"line":127,"column":22},"end":{"line":147,"column":3}}},"4":{"name":"(anonymous_4)","decl":{"start":{"line":158,"column":2},"end":{"line":158,"column":8}},"loc":{"start":{"line":161,"column":22},"end":{"line":180,"column":3}}},"5":{"name":"(anonymous_5)","decl":{"start":{"line":191,"column":2},"end":{"line":191,"column":8}},"loc":{"start":{"line":194,"column":22},"end":{"line":217,"column":3}}}},"branchMap":{"0":{"loc":{"start":{"line":33,"column":6},"end":{"line":42,"column":null}},"type":"if","locations":[{"start":{"line":33,"column":6},"end":{"line":42,"column":null}},{"start":{"line":33,"column":6},"end":{"line":42,"column":null}}]},"1":{"loc":{"start":{"line":68,"column":4},"end":{"line":77,"column":null}},"type":"if","locations":[{"start":{"line":68,"column":4},"end":{"line":77,"column":null}},{"start":{"line":68,"column":4},"end":{"line":77,"column":null}}]},"2":{"loc":{"start":{"line":80,"column":28},"end":{"line":80,"column":32}},"type":"cond-expr","locations":[{"start":{"line":80,"column":28},"end":{"line":80,"column":32}},{"start":{"line":80,"column":32},"end":{"line":80,"column":42}}]},"3":{"loc":{"start":{"line":80,"column":13},"end":{"line":80,"column":32}},"type":"binary-expr","locations":[{"start":{"line":80,"column":13},"end":{"line":80,"column":32}},{"start":{"line":80,"column":28},"end":{"line":80,"column":32}}]},"4":{"loc":{"start":{"line":81,"column":40},"end":{"line":81,"column":44}},"type":"cond-expr","locations":[{"start":{"line":81,"column":40},"end":{"line":81,"column":44}},{"start":{"line":81,"column":44},"end":{"line":81,"column":60}}]},"5":{"loc":{"start":{"line":81,"column":19},"end":{"line":81,"column":44}},"type":"binary-expr","locations":[{"start":{"line":81,"column":19},"end":{"line":81,"column":44}},{"start":{"line":81,"column":40},"end":{"line":81,"column":44}}]},"6":{"loc":{"start":{"line":82,"column":40},"end":{"line":82,"column":44}},"type":"cond-expr","locations":[{"start":{"line":82,"column":40},"end":{"line":82,"column":44}},{"start":{"line":82,"column":44},"end":{"line":82,"column":60}}]},"7":{"loc":{"start":{"line":82,"column":19},"end":{"line":82,"column":44}},"type":"binary-expr","locations":[{"start":{"line":82,"column":19},"end":{"line":82,"column":44}},{"start":{"line":82,"column":40},"end":{"line":82,"column":44}}]},"8":{"loc":{"start":{"line":84,"column":10},"end":{"line":84,"column":38}},"type":"cond-expr","locations":[{"start":{"line":84,"column":10},"end":{"line":84,"column":38}},{"start":{"line":85,"column":10},"end":{"line":85,"column":23}}]},"9":{"loc":{"start":{"line":87,"column":10},"end":{"line":87,"column":46}},"type":"cond-expr","locations":[{"start":{"line":87,"column":10},"end":{"line":87,"column":46}},{"start":{"line":88,"column":10},"end":{"line":88,"column":31}}]},"10":{"loc":{"start":{"line":96,"column":4},"end":{"line":112,"column":null}},"type":"if","locations":[{"start":{"line":96,"column":4},"end":{"line":112,"column":null}},{"start":{"line":96,"column":4},"end":{"line":112,"column":null}}]},"11":{"loc":{"start":{"line":131,"column":4},"end":{"line":140,"column":null}},"type":"if","locations":[{"start":{"line":131,"column":4},"end":{"line":140,"column":null}},{"start":{"line":131,"column":4},"end":{"line":140,"column":null}}]},"12":{"loc":{"start":{"line":164,"column":4},"end":{"line":173,"column":null}},"type":"if","locations":[{"start":{"line":164,"column":4},"end":{"line":173,"column":null}},{"start":{"line":164,"column":4},"end":{"line":173,"column":null}}]},"13":{"loc":{"start":{"line":201,"column":4},"end":{"line":210,"column":null}},"type":"if","locations":[{"start":{"line":201,"column":4},"end":{"line":210,"column":null}},{"start":{"line":201,"column":4},"end":{"line":210,"column":null}}]}},"s":{"0":2,"1":2,"2":2,"3":0,"4":0,"5":0,"6":0,"7":0,"8":0,"9":0,"10":0,"11":0,"12":0,"13":0,"14":0,"15":0,"16":0,"17":0,"18":0,"19":0,"20":0,"21":0,"22":0,"23":0,"24":0,"25":0,"26":0,"27":0,"28":0,"29":0,"30":0,"31":0,"32":0,"33":2},"f":{"0":0,"1":0,"2":0,"3":0,"4":0,"5":0},"b":{"0":[0,0],"1":[0,0],"2":[0,0],"3":[0,0],"4":[0,0],"5":[0,0],"6":[0,0],"7":[0,0],"8":[0,0],"9":[0,0],"10":[0,0],"11":[0,0],"12":[0,0],"13":[0,0]}}
,"C:\\Users\\DELL\\Documents\\todo\\src\\controllers\\user.ts": {"path":"C:\\Users\\DELL\\Documents\\todo\\src\\controllers\\user.ts","statementMap":{"0":{"start":{"line":2,"column":0},"end":{"line":2,"column":29}},"1":{"start":{"line":3,"column":0},"end":{"line":3,"column":69}},"2":{"start":{"line":4,"column":0},"end":{"line":4,"column":73}},"3":{"start":{"line":5,"column":0},"end":{"line":5,"column":54}},"4":{"start":{"line":6,"column":0},"end":{"line":6,"column":58}},"5":{"start":{"line":28,"column":38},"end":{"line":28,"column":50}},"6":{"start":{"line":29,"column":25},"end":{"line":29,"column":59}},"7":{"start":{"line":30,"column":27},"end":{"line":30,"column":58}},"8":{"start":{"line":31,"column":4},"end":{"line":40,"column":null}},"9":{"start":{"line":32,"column":6},"end":{"line":39,"column":null}},"10":{"start":{"line":44,"column":17},"end":{"line":48,"column":6}},"11":{"start":{"line":50,"column":4},"end":{"line":68,"column":null}},"12":{"start":{"line":51,"column":6},"end":{"line":60,"column":null}},"13":{"start":{"line":52,"column":8},"end":{"line":59,"column":null}},"14":{"start":{"line":61,"column":6},"end":{"line":61,"column":null}},"15":{"start":{"line":62,"column":6},"end":{"line":67,"column":null}},"16":{"start":{"line":75,"column":32},"end":{"line":75,"column":44}},"17":{"start":{"line":76,"column":25},"end":{"line":76,"column":30}},"18":{"start":{"line":77,"column":17},"end":{"line":77,"column":51}},"19":{"start":{"line":78,"column":4},"end":{"line":80,"column":null}},"20":{"start":{"line":79,"column":6},"end":{"line":79,"column":null}},"21":{"start":{"line":82,"column":4},"end":{"line":101,"column":null}},"22":{"start":{"line":83,"column":6},"end":{"line":90,"column":null}},"23":{"start":{"line":92,"column":50},"end":{"line":92,"column":66}},"24":{"start":{"line":93,"column":20},"end":{"line":93,"column":58}},"25":{"start":{"line":94,"column":6},"end":{"line":94,"column":null}},"26":{"start":{"line":95,"column":6},"end":{"line":100,"column":null}},"27":{"start":{"line":13,"column":0},"end":{"line":13,"column":21}}},"fnMap":{"0":{"name":"(anonymous_1)","decl":{"start":{"line":23,"column":2},"end":{"line":23,"column":8}},"loc":{"start":{"line":26,"column":22},"end":{"line":69,"column":3}}},"1":{"name":"(anonymous_2)","decl":{"start":{"line":50,"column":14},"end":{"line":50,"column":15}},"loc":{"start":{"line":50,"column":22},"end":{"line":68,"column":5}}},"2":{"name":"(anonymous_3)","decl":{"start":{"line":70,"column":2},"end":{"line":70,"column":8}},"loc":{"start":{"line":73,"column":22},"end":{"line":102,"column":3}}}},"branchMap":{"0":{"loc":{"start":{"line":31,"column":4},"end":{"line":40,"column":null}},"type":"if","locations":[{"start":{"line":31,"column":4},"end":{"line":40,"column":null}},{"start":{"line":31,"column":4},"end":{"line":40,"column":null}}]},"1":{"loc":{"start":{"line":51,"column":6},"end":{"line":60,"column":null}},"type":"if","locations":[{"start":{"line":51,"column":6},"end":{"line":60,"column":null}},{"start":{"line":51,"column":6},"end":{"line":60,"column":null}}]},"2":{"loc":{"start":{"line":78,"column":4},"end":{"line":80,"column":null}},"type":"if","locations":[{"start":{"line":78,"column":4},"end":{"line":80,"column":null}},{"start":{"line":78,"column":4},"end":{"line":80,"column":null}}]},"3":{"loc":{"start":{"line":82,"column":4},"end":{"line":101,"column":null}},"type":"if","locations":[{"start":{"line":82,"column":4},"end":{"line":101,"column":null}},{"start":{"line":82,"column":4},"end":{"line":101,"column":null}}]},"4":{"loc":{"start":{"line":82,"column":8},"end":{"line":82,"column":20}},"type":"binary-expr","locations":[{"start":{"line":82,"column":8},"end":{"line":82,"column":20}},{"start":{"line":82,"column":24},"end":{"line":82,"column":39}}]}},"s":{"0":2,"1":2,"2":2,"3":2,"4":2,"5":2,"6":2,"7":2,"8":2,"9":0,"10":2,"11":2,"12":2,"13":0,"14":2,"15":2,"16":1,"17":1,"18":1,"19":1,"20":1,"21":1,"22":0,"23":1,"24":1,"25":1,"26":1,"27":2},"f":{"0":2,"1":2,"2":1},"b":{"0":[0,2],"1":[0,2],"2":[1,0],"3":[0,1],"4":[1,1]}}
,"C:\\Users\\DELL\\Documents\\todo\\src\\database\\Task.ts": {"path":"C:\\Users\\DELL\\Documents\\todo\\src\\database\\Task.ts","statementMap":{"0":{"start":{"line":1,"column":0},"end":{"line":1,"column":50}},"1":{"start":{"line":11,"column":15},"end":{"line":19,"column":null}},"2":{"start":{"line":22,"column":13},"end":{"line":22,"column":null}}},"fnMap":{},"branchMap":{},"s":{"0":2,"1":2,"2":2},"f":{},"b":{}}
,"C:\\Users\\DELL\\Documents\\todo\\src\\database\\User.ts": {"path":"C:\\Users\\DELL\\Documents\\todo\\src\\database\\User.ts","statementMap":{"0":{"start":{"line":1,"column":0},"end":{"line":1,"column":50}},"1":{"start":{"line":9,"column":15},"end":{"line":15,"column":null}},"2":{"start":{"line":18,"column":13},"end":{"line":18,"column":null}}},"fnMap":{},"branchMap":{},"s":{"0":2,"1":2,"2":2},"f":{},"b":{}}
,"C:\\Users\\DELL\\Documents\\todo\\src\\database\\index.ts": {"path":"C:\\Users\\DELL\\Documents\\todo\\src\\database\\index.ts","statementMap":{"0":{"start":{"line":1,"column":0},"end":{"line":1,"column":34}},"1":{"start":{"line":2,"column":0},"end":{"line":2,"column":31}},"2":{"start":{"line":3,"column":0},"end":{"line":3,"column":36}},"3":{"start":{"line":4,"column":0},"end":{"line":4,"column":null}},"4":{"start":{"line":7,"column":14},"end":{"line":7,"column":43}},"5":{"start":{"line":8,"column":2},"end":{"line":18,"column":null}},"6":{"start":{"line":14,"column":6},"end":{"line":14,"column":null}},"7":{"start":{"line":17,"column":6},"end":{"line":17,"column":null}},"8":{"start":{"line":6,"column":0},"end":{"line":6,"column":16}}},"fnMap":{"0":{"name":"ConnectDb","decl":{"start":{"line":6,"column":16},"end":{"line":6,"column":25}},"loc":{"start":{"line":6,"column":25},"end":{"line":19,"column":1}}},"1":{"name":"(anonymous_2)","decl":{"start":{"line":13,"column":10},"end":{"line":13,"column":13}},"loc":{"start":{"line":13,"column":15},"end":{"line":15,"column":5}}},"2":{"name":"(anonymous_3)","decl":{"start":{"line":16,"column":11},"end":{"line":16,"column":12}},"loc":{"start":{"line":16,"column":19},"end":{"line":18,"column":5}}}},"branchMap":{"0":{"loc":{"start":{"line":7,"column":14},"end":{"line":7,"column":37}},"type":"binary-expr","locations":[{"start":{"line":7,"column":14},"end":{"line":7,"column":37}},{"start":{"line":7,"column":41},"end":{"line":7,"column":43}}]}},"s":{"0":2,"1":2,"2":2,"3":2,"4":2,"5":2,"6":1,"7":0,"8":2},"f":{"0":2,"1":1,"2":0},"b":{"0":[2,0]}}
,"C:\\Users\\DELL\\Documents\\todo\\src\\middlewares\\CheckForError.ts": {"path":"C:\\Users\\DELL\\Documents\\todo\\src\\middlewares\\CheckForError.ts","statementMap":{"0":{"start":{"line":1,"column":0},"end":{"line":1,"column":69}},"1":{"start":{"line":3,"column":0},"end":{"line":3,"column":53}},"2":{"start":{"line":19,"column":30},"end":{"line":19,"column":32}},"3":{"start":{"line":25,"column":25},"end":{"line":32,"column":3}},"4":{"start":{"line":26,"column":37},"end":{"line":26,"column":42}},"5":{"start":{"line":27,"column":4},"end":{"line":29,"column":null}},"6":{"start":{"line":28,"column":6},"end":{"line":28,"column":null}},"7":{"start":{"line":30,"column":4},"end":{"line":30,"column":null}},"8":{"start":{"line":31,"column":4},"end":{"line":31,"column":null}},"9":{"start":{"line":33,"column":28},"end":{"line":35,"column":4}},"10":{"start":{"line":36,"column":2},"end":{"line":36,"column":null}},"11":{"start":{"line":36,"column":46},"end":{"line":36,"column":74}},"12":{"start":{"line":37,"column":2},"end":{"line":41,"column":null}},"13":{"start":{"line":38,"column":4},"end":{"line":38,"column":null}},"14":{"start":{"line":40,"column":4},"end":{"line":40,"column":null}},"15":{"start":{"line":14,"column":0},"end":{"line":14,"column":24}}},"fnMap":{"0":{"name":"CheckForErrors","decl":{"start":{"line":14,"column":24},"end":{"line":14,"column":38}},"loc":{"start":{"line":17,"column":20},"end":{"line":42,"column":1}}},"1":{"name":"(anonymous_1)","decl":{"start":{"line":25,"column":25},"end":{"line":25,"column":26}},"loc":{"start":{"line":25,"column":65},"end":{"line":32,"column":3}}},"2":{"name":"(anonymous_2)","decl":{"start":{"line":36,"column":28},"end":{"line":36,"column":29}},"loc":{"start":{"line":36,"column":46},"end":{"line":36,"column":74}}}},"branchMap":{"0":{"loc":{"start":{"line":27,"column":4},"end":{"line":29,"column":null}},"type":"if","locations":[{"start":{"line":27,"column":4},"end":{"line":29,"column":null}},{"start":{"line":27,"column":4},"end":{"line":29,"column":null}}]},"1":{"loc":{"start":{"line":27,"column":8},"end":{"line":27,"column":30}},"type":"binary-expr","locations":[{"start":{"line":27,"column":8},"end":{"line":27,"column":30}},{"start":{"line":27,"column":34},"end":{"line":27,"column":73}}]},"2":{"loc":{"start":{"line":37,"column":2},"end":{"line":41,"column":null}},"type":"if","locations":[{"start":{"line":37,"column":2},"end":{"line":41,"column":null}},{"start":{"line":37,"column":2},"end":{"line":41,"column":null}}]}},"s":{"0":2,"1":2,"2":5,"3":5,"4":6,"5":6,"6":2,"7":6,"8":6,"9":5,"10":5,"11":6,"12":5,"13":2,"14":3,"15":2},"f":{"0":5,"1":6,"2":6},"b":{"0":[2,4],"1":[6,6],"2":[2,3]}}
,"C:\\Users\\DELL\\Documents\\todo\\src\\middlewares\\CommonValidator.ts": {"path":"C:\\Users\\DELL\\Documents\\todo\\src\\middlewares\\CommonValidator.ts","statementMap":{"0":{"start":{"line":1,"column":0},"end":{"line":1,"column":58}},"1":{"start":{"line":15,"column":4},"end":{"line":20,"column":null}},"2":{"start":{"line":30,"column":4},"end":{"line":34,"column":null}},"3":{"start":{"line":44,"column":4},"end":{"line":47,"column":null}},"4":{"start":{"line":57,"column":4},"end":{"line":60,"column":null}},"5":{"start":{"line":64,"column":4},"end":{"line":68,"column":null}},"6":{"start":{"line":65,"column":6},"end":{"line":65,"column":null}},"7":{"start":{"line":67,"column":6},"end":{"line":67,"column":null}},"8":{"start":{"line":77,"column":4},"end":{"line":82,"column":null}},"9":{"start":{"line":78,"column":6},"end":{"line":80,"column":null}},"10":{"start":{"line":79,"column":8},"end":{"line":79,"column":null}},"11":{"start":{"line":81,"column":6},"end":{"line":81,"column":null}},"12":{"start":{"line":91,"column":4},"end":{"line":95,"column":null}},"13":{"start":{"line":7,"column":0},"end":{"line":7,"column":21}}},"fnMap":{"0":{"name":"(anonymous_0)","decl":{"start":{"line":14,"column":2},"end":{"line":14,"column":8}},"loc":{"start":{"line":14,"column":35},"end":{"line":21,"column":3}}},"1":{"name":"(anonymous_1)","decl":{"start":{"line":29,"column":2},"end":{"line":29,"column":8}},"loc":{"start":{"line":29,"column":33},"end":{"line":35,"column":3}}},"2":{"name":"(anonymous_2)","decl":{"start":{"line":43,"column":2},"end":{"line":43,"column":8}},"loc":{"start":{"line":43,"column":33},"end":{"line":48,"column":3}}},"3":{"name":"(anonymous_3)","decl":{"start":{"line":56,"column":2},"end":{"line":56,"column":8}},"loc":{"start":{"line":56,"column":41},"end":{"line":61,"column":3}}},"4":{"name":"(anonymous_4)","decl":{"start":{"line":63,"column":2},"end":{"line":63,"column":8}},"loc":{"start":{"line":63,"column":28},"end":{"line":69,"column":3}}},"5":{"name":"(anonymous_5)","decl":{"start":{"line":76,"column":2},"end":{"line":76,"column":8}},"loc":{"start":{"line":76,"column":29},"end":{"line":83,"column":3}}},"6":{"name":"(anonymous_6)","decl":{"start":{"line":77,"column":35},"end":{"line":77,"column":36}},"loc":{"start":{"line":77,"column":45},"end":{"line":82,"column":5}}},"7":{"name":"(anonymous_7)","decl":{"start":{"line":90,"column":2},"end":{"line":90,"column":8}},"loc":{"start":{"line":90,"column":42},"end":{"line":96,"column":3}}}},"branchMap":{"0":{"loc":{"start":{"line":64,"column":4},"end":{"line":68,"column":null}},"type":"if","locations":[{"start":{"line":64,"column":4},"end":{"line":68,"column":null}},{"start":{"line":64,"column":4},"end":{"line":68,"column":null}}]},"1":{"loc":{"start":{"line":78,"column":6},"end":{"line":80,"column":null}},"type":"if","locations":[{"start":{"line":78,"column":6},"end":{"line":80,"column":null}},{"start":{"line":78,"column":6},"end":{"line":80,"column":null}}]}},"s":{"0":2,"1":18,"2":8,"3":0,"4":0,"5":0,"6":0,"7":0,"8":6,"9":0,"10":0,"11":0,"12":0,"13":2},"f":{"0":18,"1":8,"2":0,"3":0,"4":0,"5":6,"6":0,"7":0},"b":{"0":[0,0],"1":[0,0]}}
,"C:\\Users\\DELL\\Documents\\todo\\src\\middlewares\\TaskValidator.ts": {"path":"C:\\Users\\DELL\\Documents\\todo\\src\\middlewares\\TaskValidator.ts","statementMap":{"0":{"start":{"line":2,"column":0},"end":{"line":2,"column":44}},"1":{"start":{"line":4,"column":0},"end":{"line":4,"column":35}},"2":{"start":{"line":5,"column":0},"end":{"line":5,"column":47}},"3":{"start":{"line":11,"column":22},"end":{"line":16,"column":1}},"4":{"start":{"line":12,"column":2},"end":{"line":14,"column":null}},"5":{"start":{"line":13,"column":4},"end":{"line":13,"column":null}},"6":{"start":{"line":15,"column":2},"end":{"line":15,"column":null}},"7":{"start":{"line":30,"column":4},"end":{"line":34,"column":null}},"8":{"start":{"line":34,"column":34},"end":{"line":34,"column":54}},"9":{"start":{"line":43,"column":4},"end":{"line":47,"column":null}},"10":{"start":{"line":47,"column":34},"end":{"line":47,"column":54}},"11":{"start":{"line":56,"column":4},"end":{"line":62,"column":null}},"12":{"start":{"line":62,"column":34},"end":{"line":62,"column":54}},"13":{"start":{"line":71,"column":4},"end":{"line":77,"column":null}},"14":{"start":{"line":77,"column":34},"end":{"line":77,"column":54}},"15":{"start":{"line":86,"column":4},"end":{"line":93,"column":null}},"16":{"start":{"line":93,"column":34},"end":{"line":93,"column":54}},"17":{"start":{"line":102,"column":4},"end":{"line":109,"column":null}},"18":{"start":{"line":109,"column":34},"end":{"line":109,"column":54}},"19":{"start":{"line":118,"column":4},"end":{"line":125,"column":null}},"20":{"start":{"line":134,"column":4},"end":{"line":142,"column":null}},"21":{"start":{"line":151,"column":4},"end":{"line":151,"column":null}},"22":{"start":{"line":160,"column":4},"end":{"line":160,"column":null}},"23":{"start":{"line":22,"column":0},"end":{"line":22,"column":21}}},"fnMap":{"0":{"name":"(anonymous_1)","decl":{"start":{"line":11,"column":22},"end":{"line":11,"column":23}},"loc":{"start":{"line":11,"column":48},"end":{"line":16,"column":1}}},"1":{"name":"(anonymous_2)","decl":{"start":{"line":29,"column":2},"end":{"line":29,"column":8}},"loc":{"start":{"line":29,"column":32},"end":{"line":35,"column":3}}},"2":{"name":"(anonymous_3)","decl":{"start":{"line":34,"column":23},"end":{"line":34,"column":24}},"loc":{"start":{"line":34,"column":34},"end":{"line":34,"column":54}}},"3":{"name":"(anonymous_4)","decl":{"start":{"line":42,"column":2},"end":{"line":42,"column":8}},"loc":{"start":{"line":42,"column":40},"end":{"line":48,"column":3}}},"4":{"name":"(anonymous_5)","decl":{"start":{"line":47,"column":23},"end":{"line":47,"column":24}},"loc":{"start":{"line":47,"column":34},"end":{"line":47,"column":54}}},"5":{"name":"(anonymous_6)","decl":{"start":{"line":55,"column":2},"end":{"line":55,"column":8}},"loc":{"start":{"line":55,"column":25},"end":{"line":63,"column":3}}},"6":{"name":"(anonymous_7)","decl":{"start":{"line":62,"column":23},"end":{"line":62,"column":24}},"loc":{"start":{"line":62,"column":34},"end":{"line":62,"column":54}}},"7":{"name":"(anonymous_8)","decl":{"start":{"line":70,"column":2},"end":{"line":70,"column":8}},"loc":{"start":{"line":70,"column":33},"end":{"line":78,"column":3}}},"8":{"name":"(anonymous_9)","decl":{"start":{"line":77,"column":23},"end":{"line":77,"column":24}},"loc":{"start":{"line":77,"column":34},"end":{"line":77,"column":54}}},"9":{"name":"(anonymous_10)","decl":{"start":{"line":85,"column":2},"end":{"line":85,"column":8}},"loc":{"start":{"line":85,"column":32},"end":{"line":94,"column":3}}},"10":{"name":"(anonymous_11)","decl":{"start":{"line":93,"column":23},"end":{"line":93,"column":24}},"loc":{"start":{"line":93,"column":34},"end":{"line":93,"column":54}}},"11":{"name":"(anonymous_12)","decl":{"start":{"line":101,"column":2},"end":{"line":101,"column":8}},"loc":{"start":{"line":101,"column":40},"end":{"line":110,"column":3}}},"12":{"name":"(anonymous_13)","decl":{"start":{"line":109,"column":23},"end":{"line":109,"column":24}},"loc":{"start":{"line":109,"column":34},"end":{"line":109,"column":54}}},"13":{"name":"(anonymous_14)","decl":{"start":{"line":117,"column":2},"end":{"line":117,"column":8}},"loc":{"start":{"line":117,"column":29},"end":{"line":126,"column":3}}},"14":{"name":"(anonymous_15)","decl":{"start":{"line":133,"column":2},"end":{"line":133,"column":8}},"loc":{"start":{"line":133,"column":29},"end":{"line":143,"column":3}}},"15":{"name":"(anonymous_16)","decl":{"start":{"line":150,"column":2},"end":{"line":150,"column":8}},"loc":{"start":{"line":150,"column":26},"end":{"line":152,"column":3}}},"16":{"name":"(anonymous_17)","decl":{"start":{"line":159,"column":2},"end":{"line":159,"column":8}},"loc":{"start":{"line":159,"column":25},"end":{"line":161,"column":3}}}},"branchMap":{"0":{"loc":{"start":{"line":12,"column":2},"end":{"line":14,"column":null}},"type":"if","locations":[{"start":{"line":12,"column":2},"end":{"line":14,"column":null}},{"start":{"line":12,"column":2},"end":{"line":14,"column":null}}]}},"s":{"0":2,"1":2,"2":2,"3":2,"4":0,"5":0,"6":0,"7":2,"8":0,"9":2,"10":0,"11":2,"12":0,"13":2,"14":0,"15":4,"16":0,"17":4,"18":0,"19":2,"20":2,"21":2,"22":2,"23":2},"f":{"0":0,"1":2,"2":0,"3":2,"4":0,"5":2,"6":0,"7":2,"8":0,"9":4,"10":0,"11":4,"12":0,"13":2,"14":2,"15":2,"16":2},"b":{"0":[0,0]}}
,"C:\\Users\\DELL\\Documents\\todo\\src\\middlewares\\UserValidator.ts": {"path":"C:\\Users\\DELL\\Documents\\todo\\src\\middlewares\\UserValidator.ts","statementMap":{"0":{"start":{"line":2,"column":0},"end":{"line":2,"column":44}},"1":{"start":{"line":4,"column":0},"end":{"line":4,"column":35}},"2":{"start":{"line":5,"column":0},"end":{"line":5,"column":47}},"3":{"start":{"line":12,"column":22},"end":{"line":17,"column":1}},"4":{"start":{"line":13,"column":2},"end":{"line":15,"column":null}},"5":{"start":{"line":14,"column":4},"end":{"line":14,"column":null}},"6":{"start":{"line":16,"column":2},"end":{"line":16,"column":null}},"7":{"start":{"line":30,"column":4},"end":{"line":34,"column":null}},"8":{"start":{"line":34,"column":34},"end":{"line":34,"column":54}},"9":{"start":{"line":44,"column":4},"end":{"line":59,"column":null}},"10":{"start":{"line":59,"column":34},"end":{"line":59,"column":54}},"11":{"start":{"line":68,"column":4},"end":{"line":73,"column":null}},"12":{"start":{"line":82,"column":4},"end":{"line":82,"column":null}},"13":{"start":{"line":91,"column":4},"end":{"line":97,"column":null}},"14":{"start":{"line":106,"column":4},"end":{"line":111,"column":null}},"15":{"start":{"line":23,"column":0},"end":{"line":23,"column":21}}},"fnMap":{"0":{"name":"(anonymous_1)","decl":{"start":{"line":12,"column":22},"end":{"line":12,"column":23}},"loc":{"start":{"line":12,"column":48},"end":{"line":17,"column":1}}},"1":{"name":"(anonymous_2)","decl":{"start":{"line":29,"column":2},"end":{"line":29,"column":8}},"loc":{"start":{"line":29,"column":19},"end":{"line":35,"column":3}}},"2":{"name":"(anonymous_3)","decl":{"start":{"line":34,"column":23},"end":{"line":34,"column":24}},"loc":{"start":{"line":34,"column":34},"end":{"line":34,"column":54}}},"3":{"name":"(anonymous_4)","decl":{"start":{"line":43,"column":2},"end":{"line":43,"column":8}},"loc":{"start":{"line":43,"column":31},"end":{"line":60,"column":3}}},"4":{"name":"(anonymous_5)","decl":{"start":{"line":59,"column":23},"end":{"line":59,"column":24}},"loc":{"start":{"line":59,"column":34},"end":{"line":59,"column":54}}},"5":{"name":"(anonymous_6)","decl":{"start":{"line":67,"column":2},"end":{"line":67,"column":8}},"loc":{"start":{"line":67,"column":22},"end":{"line":74,"column":3}}},"6":{"name":"(anonymous_7)","decl":{"start":{"line":81,"column":2},"end":{"line":81,"column":8}},"loc":{"start":{"line":81,"column":23},"end":{"line":83,"column":3}}},"7":{"name":"(anonymous_8)","decl":{"start":{"line":90,"column":2},"end":{"line":90,"column":8}},"loc":{"start":{"line":90,"column":25},"end":{"line":98,"column":3}}},"8":{"name":"(anonymous_9)","decl":{"start":{"line":105,"column":2},"end":{"line":105,"column":8}},"loc":{"start":{"line":105,"column":25},"end":{"line":112,"column":3}}}},"branchMap":{"0":{"loc":{"start":{"line":13,"column":2},"end":{"line":15,"column":null}},"type":"if","locations":[{"start":{"line":13,"column":2},"end":{"line":15,"column":null}},{"start":{"line":13,"column":2},"end":{"line":15,"column":null}}]}},"s":{"0":2,"1":2,"2":2,"3":2,"4":9,"5":7,"6":2,"7":4,"8":5,"9":2,"10":4,"11":4,"12":0,"13":2,"14":2,"15":2},"f":{"0":9,"1":4,"2":5,"3":2,"4":4,"5":4,"6":0,"7":2,"8":2},"b":{"0":[7,2]}}
,"C:\\Users\\DELL\\Documents\\todo\\src\\middlewares\\emptyBody.ts": {"path":"C:\\Users\\DELL\\Documents\\todo\\src\\middlewares\\emptyBody.ts","statementMap":{"0":{"start":{"line":2,"column":0},"end":{"line":2,"column":53}},"1":{"start":{"line":10,"column":18},"end":{"line":21,"column":1}},"2":{"start":{"line":15,"column":19},"end":{"line":15,"column":26}},"3":{"start":{"line":16,"column":2},"end":{"line":20,"column":null}},"4":{"start":{"line":17,"column":4},"end":{"line":17,"column":null}},"5":{"start":{"line":19,"column":4},"end":{"line":19,"column":null}},"6":{"start":{"line":23,"column":0},"end":{"line":23,"column":null}}},"fnMap":{"0":{"name":"(anonymous_0)","decl":{"start":{"line":10,"column":18},"end":{"line":10,"column":null}},"loc":{"start":{"line":14,"column":10},"end":{"line":21,"column":1}}}},"branchMap":{"0":{"loc":{"start":{"line":16,"column":2},"end":{"line":20,"column":null}},"type":"if","locations":[{"start":{"line":16,"column":2},"end":{"line":20,"column":null}},{"start":{"line":16,"column":2},"end":{"line":20,"column":null}}]}},"s":{"0":2,"1":2,"2":3,"3":3,"4":0,"5":3,"6":2},"f":{"0":3},"b":{"0":[0,3]}}
,"C:\\Users\\DELL\\Documents\\todo\\src\\middlewares\\verifyToken.ts": {"path":"C:\\Users\\DELL\\Documents\\todo\\src\\middlewares\\verifyToken.ts","statementMap":{"0":{"start":{"line":1,"column":0},"end":{"line":1,"column":30}},"1":{"start":{"line":3,"column":0},"end":{"line":3,"column":31}},"2":{"start":{"line":5,"column":0},"end":{"line":5,"column":53}},"3":{"start":{"line":6,"column":0},"end":{"line":6,"column":54}},"4":{"start":{"line":7,"column":0},"end":{"line":7,"column":44}},"5":{"start":{"line":8,"column":0},"end":{"line":8,"column":null}},"6":{"start":{"line":16,"column":20},"end":{"line":70,"column":1}},"7":{"start":{"line":21,"column":2},"end":{"line":69,"column":null}},"8":{"start":{"line":22,"column":18},"end":{"line":22,"column":70}},"9":{"start":{"line":23,"column":4},"end":{"line":32,"column":null}},"10":{"start":{"line":24,"column":6},"end":{"line":31,"column":null}},"11":{"start":{"line":33,"column":21},"end":{"line":35,"column":null}},"12":{"start":{"line":37,"column":19},"end":{"line":37,"column":26}},"13":{"start":{"line":38,"column":17},"end":{"line":38,"column":45}},"14":{"start":{"line":39,"column":4},"end":{"line":48,"column":null}},"15":{"start":{"line":40,"column":6},"end":{"line":47,"column":null}},"16":{"start":{"line":49,"column":4},"end":{"line":49,"column":null}},"17":{"start":{"line":51,"column":4},"end":{"line":60,"column":null}},"18":{"start":{"line":52,"column":6},"end":{"line":59,"column":null}},"19":{"start":{"line":61,"column":4},"end":{"line":68,"column":null}},"20":{"start":{"line":72,"column":0},"end":{"line":72,"column":null}}},"fnMap":{"0":{"name":"(anonymous_1)","decl":{"start":{"line":16,"column":20},"end":{"line":16,"column":25}},"loc":{"start":{"line":20,"column":19},"end":{"line":70,"column":1}}}},"branchMap":{"0":{"loc":{"start":{"line":22,"column":18},"end":{"line":22,"column":47}},"type":"binary-expr","locations":[{"start":{"line":22,"column":18},"end":{"line":22,"column":47}},{"start":{"line":22,"column":51},"end":{"line":22,"column":70}}]},"1":{"loc":{"start":{"line":23,"column":4},"end":{"line":32,"column":null}},"type":"if","locations":[{"start":{"line":23,"column":4},"end":{"line":32,"column":null}},{"start":{"line":23,"column":4},"end":{"line":32,"column":null}}]},"2":{"loc":{"start":{"line":35,"column":6},"end":{"line":35,"column":25}},"type":"binary-expr","locations":[{"start":{"line":35,"column":6},"end":{"line":35,"column":25}},{"start":{"line":35,"column":29},"end":{"line":35,"column":31}}]},"3":{"loc":{"start":{"line":39,"column":4},"end":{"line":48,"column":null}},"type":"if","locations":[{"start":{"line":39,"column":4},"end":{"line":48,"column":null}},{"start":{"line":39,"column":4},"end":{"line":48,"column":null}}]},"4":{"loc":{"start":{"line":51,"column":4},"end":{"line":60,"column":null}},"type":"if","locations":[{"start":{"line":51,"column":4},"end":{"line":60,"column":null}},{"start":{"line":51,"column":4},"end":{"line":60,"column":null}}]}},"s":{"0":2,"1":2,"2":2,"3":2,"4":2,"5":2,"6":2,"7":0,"8":0,"9":0,"10":0,"11":0,"12":0,"13":0,"14":0,"15":0,"16":0,"17":0,"18":0,"19":0,"20":2},"f":{"0":0},"b":{"0":[0,0],"1":[0,0],"2":[0,0],"3":[0,0],"4":[0,0]}}
,"C:\\Users\\DELL\\Documents\\todo\\src\\routesV1\\index.ts": {"path":"C:\\Users\\DELL\\Documents\\todo\\src\\routesV1\\index.ts","statementMap":{"0":{"start":{"line":1,"column":0},"end":{"line":1,"column":29}},"1":{"start":{"line":2,"column":0},"end":{"line":2,"column":25}},"2":{"start":{"line":3,"column":0},"end":{"line":3,"column":25}},"3":{"start":{"line":5,"column":14},"end":{"line":5,"column":30}},"4":{"start":{"line":6,"column":0},"end":{"line":6,"column":null}},"5":{"start":{"line":7,"column":0},"end":{"line":7,"column":null}},"6":{"start":{"line":9,"column":0},"end":{"line":9,"column":null}}},"fnMap":{},"branchMap":{},"s":{"0":2,"1":2,"2":2,"3":2,"4":2,"5":2,"6":2},"f":{},"b":{}}
,"C:\\Users\\DELL\\Documents\\todo\\src\\routesV1\\task.ts": {"path":"C:\\Users\\DELL\\Documents\\todo\\src\\routesV1\\task.ts","statementMap":{"0":{"start":{"line":1,"column":0},"end":{"line":1,"column":29}},"1":{"start":{"line":2,"column":0},"end":{"line":2,"column":48}},"2":{"start":{"line":3,"column":0},"end":{"line":3,"column":56}},"3":{"start":{"line":4,"column":0},"end":{"line":4,"column":52}},"4":{"start":{"line":5,"column":14},"end":{"line":5,"column":30}},"5":{"start":{"line":7,"column":0},"end":{"line":7,"column":null}},"6":{"start":{"line":9,"column":0},"end":{"line":14,"column":null}},"7":{"start":{"line":15,"column":0},"end":{"line":20,"column":null}},"8":{"start":{"line":21,"column":0},"end":{"line":26,"column":null}},"9":{"start":{"line":28,"column":0},"end":{"line":33,"column":null}},"10":{"start":{"line":34,"column":0},"end":{"line":34,"column":null}}},"fnMap":{},"branchMap":{},"s":{"0":2,"1":2,"2":2,"3":2,"4":2,"5":2,"6":2,"7":2,"8":2,"9":2,"10":2},"f":{},"b":{}}
,"C:\\Users\\DELL\\Documents\\todo\\src\\routesV1\\user.ts": {"path":"C:\\Users\\DELL\\Documents\\todo\\src\\routesV1\\user.ts","statementMap":{"0":{"start":{"line":1,"column":0},"end":{"line":1,"column":29}},"1":{"start":{"line":2,"column":0},"end":{"line":2,"column":56}},"2":{"start":{"line":3,"column":0},"end":{"line":3,"column":48}},"3":{"start":{"line":4,"column":14},"end":{"line":4,"column":30}},"4":{"start":{"line":6,"column":0},"end":{"line":6,"column":null}},"5":{"start":{"line":7,"column":0},"end":{"line":7,"column":null}},"6":{"start":{"line":8,"column":0},"end":{"line":8,"column":null}}},"fnMap":{},"branchMap":{},"s":{"0":2,"1":2,"2":2,"3":2,"4":2,"5":2,"6":2},"f":{},"b":{}}
,"C:\\Users\\DELL\\Documents\\todo\\src\\utils\\errorHandler.ts": {"path":"C:\\Users\\DELL\\Documents\\todo\\src\\utils\\errorHandler.ts","statementMap":{"0":{"start":{"line":2,"column":0},"end":{"line":2,"column":60}},"1":{"start":{"line":3,"column":0},"end":{"line":3,"column":29}},"2":{"start":{"line":6,"column":2},"end":{"line":13,"column":3}},"3":{"start":{"line":7,"column":2},"end":{"line":13,"column":3}},"4":{"start":{"line":8,"column":4},"end":{"line":12,"column":null}},"5":{"start":{"line":9,"column":6},"end":{"line":9,"column":null}},"6":{"start":{"line":11,"column":6},"end":{"line":11,"column":null}},"7":{"start":{"line":5,"column":13},"end":{"line":5,"column":null}},"8":{"start":{"line":15,"column":0},"end":{"line":15,"column":null}},"9":{"start":{"line":16,"column":2},"end":{"line":16,"column":null}},"10":{"start":{"line":17,"column":2},"end":{"line":17,"column":null}},"11":{"start":{"line":18,"column":2},"end":{"line":18,"column":null}},"12":{"start":{"line":19,"column":2},"end":{"line":19,"column":null}},"13":{"start":{"line":20,"column":2},"end":{"line":20,"column":null}},"14":{"start":{"line":21,"column":2},"end":{"line":21,"column":null}},"15":{"start":{"line":22,"column":2},"end":{"line":22,"column":null}},"16":{"start":{"line":32,"column":4},"end":{"line":38,"column":null}},"17":{"start":{"line":41,"column":4},"end":{"line":45,"column":null}},"18":{"start":{"line":42,"column":6},"end":{"line":44,"column":null}},"19":{"start":{"line":46,"column":4},"end":{"line":49,"column":null}},"20":{"start":{"line":53,"column":4},"end":{"line":55,"column":null}},"21":{"start":{"line":54,"column":6},"end":{"line":54,"column":null}},"22":{"start":{"line":56,"column":4},"end":{"line":56,"column":null}},"23":{"start":{"line":59,"column":13},"end":{"line":59,"column":null}}},"fnMap":{"0":{"name":"(anonymous_1)","decl":{"start":{"line":6,"column":2},"end":{"line":6,"column":3}},"loc":{"start":{"line":7,"column":2},"end":{"line":13,"column":3}}},"1":{"name":"(anonymous_2)","decl":{"start":{"line":7,"column":2},"end":{"line":7,"column":7}},"loc":{"start":{"line":7,"column":75},"end":{"line":13,"column":3}}},"2":{"name":"(anonymous_3)","decl":{"start":{"line":15,"column":0},"end":{"line":15,"column":12}},"loc":{"start":{"line":15,"column":26},"end":{"line":23,"column":1}}},"3":{"name":"(anonymous_4)","decl":{"start":{"line":26,"column":9},"end":{"line":26,"column":14}},"loc":{"start":{"line":29,"column":22},"end":{"line":50,"column":3}}},"4":{"name":"(anonymous_5)","decl":{"start":{"line":52,"column":9},"end":{"line":52,"column":23}},"loc":{"start":{"line":52,"column":38},"end":{"line":57,"column":3}}}},"branchMap":{"0":{"loc":{"start":{"line":15,"column":12},"end":{"line":15,"column":26}},"type":"binary-expr","locations":[{"start":{"line":15,"column":12},"end":{"line":15,"column":26}},{"start":{"line":15,"column":12},"end":{"line":15,"column":null}}]},"1":{"loc":{"start":{"line":41,"column":4},"end":{"line":45,"column":null}},"type":"if","locations":[{"start":{"line":41,"column":4},"end":{"line":45,"column":null}},{"start":{"line":41,"column":4},"end":{"line":45,"column":null}}]},"2":{"loc":{"start":{"line":53,"column":4},"end":{"line":55,"column":null}},"type":"if","locations":[{"start":{"line":53,"column":4},"end":{"line":55,"column":null}},{"start":{"line":53,"column":4},"end":{"line":55,"column":null}}]}},"s":{"0":2,"1":2,"2":2,"3":0,"4":0,"5":0,"6":0,"7":2,"8":2,"9":2,"10":2,"11":2,"12":2,"13":2,"14":2,"15":2,"16":2,"17":2,"18":0,"19":2,"20":2,"21":2,"22":0,"23":2},"f":{"0":0,"1":0,"2":2,"3":2,"4":2},"b":{"0":[2,2],"1":[0,2],"2":[2,0]}}
,"C:\\Users\\DELL\\Documents\\todo\\src\\utils\\generateToken.ts": {"path":"C:\\Users\\DELL\\Documents\\todo\\src\\utils\\generateToken.ts","statementMap":{"0":{"start":{"line":2,"column":0},"end":{"line":2,"column":30}},"1":{"start":{"line":3,"column":0},"end":{"line":3,"column":31}},"2":{"start":{"line":4,"column":0},"end":{"line":4,"column":null}},"3":{"start":{"line":20,"column":2},"end":{"line":20,"column":null}},"4":{"start":{"line":20,"column":18},"end":{"line":20,"column":null}},"5":{"start":{"line":21,"column":2},"end":{"line":21,"column":null}},"6":{"start":{"line":16,"column":0},"end":{"line":16,"column":16}}},"fnMap":{"0":{"name":"generateToken","decl":{"start":{"line":16,"column":16},"end":{"line":16,"column":29}},"loc":{"start":{"line":18,"column":19},"end":{"line":22,"column":1}}}},"branchMap":{"0":{"loc":{"start":{"line":20,"column":2},"end":{"line":20,"column":null}},"type":"if","locations":[{"start":{"line":20,"column":2},"end":{"line":20,"column":null}},{"start":{"line":20,"column":2},"end":{"line":20,"column":null}}]},"1":{"loc":{"start":{"line":20,"column":43},"end":{"line":20,"column":62}},"type":"binary-expr","locations":[{"start":{"line":20,"column":43},"end":{"line":20,"column":62}},{"start":{"line":20,"column":66},"end":{"line":20,"column":68}}]},"2":{"loc":{"start":{"line":21,"column":27},"end":{"line":21,"column":46}},"type":"binary-expr","locations":[{"start":{"line":21,"column":27},"end":{"line":21,"column":46}},{"start":{"line":21,"column":50},"end":{"line":21,"column":52}}]}},"s":{"0":2,"1":2,"2":2,"3":1,"4":0,"5":1,"6":2},"f":{"0":1},"b":{"0":[0,1],"1":[0,0],"2":[1,0]}}
,"C:\\Users\\DELL\\Documents\\todo\\src\\utils\\logger.ts": {"path":"C:\\Users\\DELL\\Documents\\todo\\src\\utils\\logger.ts","statementMap":{"0":{"start":{"line":1,"column":0},"end":{"line":1,"column":34}},"1":{"start":{"line":2,"column":0},"end":{"line":2,"column":55}},"2":{"start":{"line":3,"column":0},"end":{"line":3,"column":31}},"3":{"start":{"line":4,"column":0},"end":{"line":4,"column":35}},"4":{"start":{"line":5,"column":0},"end":{"line":5,"column":null}},"5":{"start":{"line":7,"column":35},"end":{"line":15,"column":2}},"6":{"start":{"line":17,"column":31},"end":{"line":19,"column":2}},"7":{"start":{"line":21,"column":0},"end":{"line":28,"column":null}},"8":{"start":{"line":22,"column":2},"end":{"line":27,"column":null}},"9":{"start":{"line":30,"column":0},"end":{"line":30,"column":null}}},"fnMap":{},"branchMap":{"0":{"loc":{"start":{"line":21,"column":0},"end":{"line":28,"column":null}},"type":"if","locations":[{"start":{"line":21,"column":0},"end":{"line":28,"column":null}},{"start":{"line":21,"column":0},"end":{"line":28,"column":null}}]}},"s":{"0":2,"1":2,"2":2,"3":2,"4":2,"5":2,"6":2,"7":2,"8":2,"9":2},"f":{},"b":{"0":[2,0]}}
,"C:\\Users\\DELL\\Documents\\todo\\src\\utils\\serverResponse.ts": {"path":"C:\\Users\\DELL\\Documents\\todo\\src\\utils\\serverResponse.ts","statementMap":{"0":{"start":{"line":24,"column":4},"end":{"line":24,"column":null}},"1":{"start":{"line":25,"column":4},"end":{"line":25,"column":null}},"2":{"start":{"line":26,"column":4},"end":{"line":26,"column":null}},"3":{"start":{"line":27,"column":4},"end":{"line":27,"column":null}},"4":{"start":{"line":28,"column":4},"end":{"line":28,"column":null}},"5":{"start":{"line":13,"column":0},"end":{"line":13,"column":13}},"6":{"start":{"line":38,"column":2},"end":{"line":42,"column":null}},"7":{"start":{"line":39,"column":4},"end":{"line":41,"column":null}},"8":{"start":{"line":43,"column":2},"end":{"line":46,"column":null}},"9":{"start":{"line":32,"column":0},"end":{"line":32,"column":16}}},"fnMap":{"0":{"name":"(anonymous_0)","decl":{"start":{"line":18,"column":2},"end":{"line":18,"column":null}},"loc":{"start":{"line":22,"column":35},"end":{"line":29,"column":3}}},"1":{"name":"ServerResponse","decl":{"start":{"line":32,"column":16},"end":{"line":32,"column":30}},"loc":{"start":{"line":36,"column":17},"end":{"line":47,"column":1}}}},"branchMap":{"0":{"loc":{"start":{"line":38,"column":2},"end":{"line":42,"column":null}},"type":"if","locations":[{"start":{"line":38,"column":2},"end":{"line":42,"column":null}},{"start":{"line":38,"column":2},"end":{"line":42,"column":null}}]}},"s":{"0":2,"1":2,"2":2,"3":2,"4":2,"5":2,"6":4,"7":1,"8":3,"9":2},"f":{"0":2,"1":4},"b":{"0":[1,3]}}
}
