TN:
SF:src\index.ts
FN:58,(anonymous_7)
FN:63,(anonymous_8)
FN:73,(anonymous_9)
FN:87,(anonymous_10)
FNF:4
FNH:2
FNDA:1,(anonymous_7)
FNDA:0,(anonymous_8)
FNDA:2,(anonymous_9)
FNDA:0,(anonymous_10)
DA:1,2
DA:8,2
DA:9,2
DA:10,2
DA:11,2
DA:12,2
DA:13,2
DA:14,2
DA:15,2
DA:17,2
DA:19,2
DA:20,2
DA:22,2
DA:41,2
DA:43,2
DA:44,2
DA:45,2
DA:46,2
DA:47,2
DA:58,2
DA:59,1
DA:61,2
DA:63,2
DA:64,0
DA:72,2
DA:79,2
DA:80,2
DA:82,0
DA:86,2
DA:87,0
DA:90,2
LF:31
LH:28
BRDA:19,0,0,2
BRDA:19,0,1,0
BRDA:79,1,0,2
BRDA:79,1,1,0
BRDA:86,2,0,0
BRDA:86,2,1,2
BRF:6
BRH:3
end_of_record
TN:
SF:src\controllers\task.ts
FN:18,(anonymous_0)
FN:32,(anonymous_1)
FN:60,(anonymous_2)
FN:124,(anonymous_3)
FN:158,(anonymous_4)
FN:191,(anonymous_5)
FNF:6
FNH:0
FNDA:0,(anonymous_0)
FNDA:0,(anonymous_1)
FNDA:0,(anonymous_2)
FNDA:0,(anonymous_3)
FNDA:0,(anonymous_4)
FNDA:0,(anonymous_5)
DA:3,2
DA:4,2
DA:5,2
DA:8,2
DA:23,0
DA:24,0
DA:32,0
DA:33,0
DA:34,0
DA:43,0
DA:65,0
DA:66,0
DA:67,0
DA:68,0
DA:69,0
DA:79,0
DA:91,0
DA:96,0
DA:97,0
DA:104,0
DA:129,0
DA:130,0
DA:131,0
DA:132,0
DA:141,0
DA:163,0
DA:164,0
DA:165,0
DA:174,0
DA:196,0
DA:197,0
DA:201,0
DA:202,0
DA:211,0
LF:34
LH:4
BRDA:33,0,0,0
BRDA:33,0,1,0
BRDA:68,1,0,0
BRDA:68,1,1,0
BRDA:80,2,0,0
BRDA:80,2,1,0
BRDA:80,3,0,0
BRDA:80,3,1,0
BRDA:81,4,0,0
BRDA:81,4,1,0
BRDA:81,5,0,0
BRDA:81,5,1,0
BRDA:82,6,0,0
BRDA:82,6,1,0
BRDA:82,7,0,0
BRDA:82,7,1,0
BRDA:84,8,0,0
BRDA:84,8,1,0
BRDA:87,9,0,0
BRDA:87,9,1,0
BRDA:96,10,0,0
BRDA:96,10,1,0
BRDA:131,11,0,0
BRDA:131,11,1,0
BRDA:164,12,0,0
BRDA:164,12,1,0
BRDA:201,13,0,0
BRDA:201,13,1,0
BRF:28
BRH:0
end_of_record
TN:
SF:src\controllers\user.ts
FN:23,(anonymous_1)
FN:50,(anonymous_2)
FN:70,(anonymous_3)
FNF:3
FNH:3
FNDA:2,(anonymous_1)
FNDA:2,(anonymous_2)
FNDA:1,(anonymous_3)
DA:2,2
DA:3,2
DA:4,2
DA:5,2
DA:6,2
DA:13,2
DA:28,2
DA:29,2
DA:30,2
DA:31,2
DA:32,0
DA:44,2
DA:50,2
DA:51,2
DA:52,0
DA:61,2
DA:62,2
DA:75,1
DA:76,1
DA:77,1
DA:78,1
DA:79,1
DA:82,1
DA:83,0
DA:92,1
DA:93,1
DA:94,1
DA:95,1
LF:28
LH:25
BRDA:31,0,0,0
BRDA:31,0,1,2
BRDA:51,1,0,0
BRDA:51,1,1,2
BRDA:78,2,0,1
BRDA:78,2,1,0
BRDA:82,3,0,0
BRDA:82,3,1,1
BRDA:82,4,0,1
BRDA:82,4,1,1
BRF:10
BRH:6
end_of_record
TN:
SF:src\database\Task.ts
FNF:0
FNH:0
DA:1,2
DA:11,2
DA:22,2
LF:3
LH:3
BRF:0
BRH:0
end_of_record
TN:
SF:src\database\User.ts
FNF:0
FNH:0
DA:1,2
DA:9,2
DA:18,2
LF:3
LH:3
BRF:0
BRH:0
end_of_record
TN:
SF:src\database\index.ts
FN:6,ConnectDb
FN:13,(anonymous_2)
FN:16,(anonymous_3)
FNF:3
FNH:2
FNDA:2,ConnectDb
FNDA:1,(anonymous_2)
FNDA:0,(anonymous_3)
DA:1,2
DA:2,2
DA:3,2
DA:4,2
DA:6,2
DA:7,2
DA:8,2
DA:14,1
DA:17,0
LF:9
LH:8
BRDA:7,0,0,2
BRDA:7,0,1,0
BRF:2
BRH:1
end_of_record
TN:
SF:src\middlewares\CheckForError.ts
FN:14,CheckForErrors
FN:25,(anonymous_1)
FN:36,(anonymous_2)
FNF:3
FNH:3
FNDA:5,CheckForErrors
FNDA:6,(anonymous_1)
FNDA:6,(anonymous_2)
DA:1,2
DA:3,2
DA:14,2
DA:19,5
DA:25,5
DA:26,6
DA:27,6
DA:28,2
DA:30,6
DA:31,6
DA:33,5
DA:36,6
DA:37,5
DA:38,2
DA:40,3
LF:15
LH:15
BRDA:27,0,0,2
BRDA:27,0,1,4
BRDA:27,1,0,6
BRDA:27,1,1,6
BRDA:37,2,0,2
BRDA:37,2,1,3
BRF:6
BRH:6
end_of_record
TN:
SF:src\middlewares\CommonValidator.ts
FN:14,(anonymous_0)
FN:29,(anonymous_1)
FN:43,(anonymous_2)
FN:56,(anonymous_3)
FN:63,(anonymous_4)
FN:76,(anonymous_5)
FN:77,(anonymous_6)
FN:90,(anonymous_7)
FNF:8
FNH:3
FNDA:18,(anonymous_0)
FNDA:8,(anonymous_1)
FNDA:0,(anonymous_2)
FNDA:0,(anonymous_3)
FNDA:0,(anonymous_4)
FNDA:6,(anonymous_5)
FNDA:0,(anonymous_6)
FNDA:0,(anonymous_7)
DA:1,2
DA:7,2
DA:15,18
DA:30,8
DA:44,0
DA:57,0
DA:64,0
DA:65,0
DA:67,0
DA:77,6
DA:78,0
DA:79,0
DA:81,0
DA:91,0
LF:14
LH:5
BRDA:64,0,0,0
BRDA:64,0,1,0
BRDA:78,1,0,0
BRDA:78,1,1,0
BRF:4
BRH:0
end_of_record
TN:
SF:src\middlewares\TaskValidator.ts
FN:11,(anonymous_1)
FN:29,(anonymous_2)
FN:34,(anonymous_3)
FN:42,(anonymous_4)
FN:47,(anonymous_5)
FN:55,(anonymous_6)
FN:62,(anonymous_7)
FN:70,(anonymous_8)
FN:77,(anonymous_9)
FN:85,(anonymous_10)
FN:93,(anonymous_11)
FN:101,(anonymous_12)
FN:109,(anonymous_13)
FN:117,(anonymous_14)
FN:133,(anonymous_15)
FN:150,(anonymous_16)
FN:159,(anonymous_17)
FNF:17
FNH:10
FNDA:0,(anonymous_1)
FNDA:2,(anonymous_2)
FNDA:0,(anonymous_3)
FNDA:2,(anonymous_4)
FNDA:0,(anonymous_5)
FNDA:2,(anonymous_6)
FNDA:0,(anonymous_7)
FNDA:2,(anonymous_8)
FNDA:0,(anonymous_9)
FNDA:4,(anonymous_10)
FNDA:0,(anonymous_11)
FNDA:4,(anonymous_12)
FNDA:0,(anonymous_13)
FNDA:2,(anonymous_14)
FNDA:2,(anonymous_15)
FNDA:2,(anonymous_16)
FNDA:2,(anonymous_17)
DA:2,2
DA:4,2
DA:5,2
DA:11,2
DA:12,0
DA:13,0
DA:15,0
DA:22,2
DA:30,2
DA:34,0
DA:43,2
DA:47,0
DA:56,2
DA:62,0
DA:71,2
DA:77,0
DA:86,4
DA:93,0
DA:102,4
DA:109,0
DA:118,2
DA:134,2
DA:151,2
DA:160,2
LF:24
LH:15
BRDA:12,0,0,0
BRDA:12,0,1,0
BRF:2
BRH:0
end_of_record
TN:
SF:src\middlewares\UserValidator.ts
FN:12,(anonymous_1)
FN:29,(anonymous_2)
FN:34,(anonymous_3)
FN:43,(anonymous_4)
FN:59,(anonymous_5)
FN:67,(anonymous_6)
FN:81,(anonymous_7)
FN:90,(anonymous_8)
FN:105,(anonymous_9)
FNF:9
FNH:8
FNDA:9,(anonymous_1)
FNDA:4,(anonymous_2)
FNDA:5,(anonymous_3)
FNDA:2,(anonymous_4)
FNDA:4,(anonymous_5)
FNDA:4,(anonymous_6)
FNDA:0,(anonymous_7)
FNDA:2,(anonymous_8)
FNDA:2,(anonymous_9)
DA:2,2
DA:4,2
DA:5,2
DA:12,2
DA:13,9
DA:14,7
DA:16,2
DA:23,2
DA:30,4
DA:34,5
DA:44,2
DA:59,4
DA:68,4
DA:82,0
DA:91,2
DA:106,2
LF:16
LH:15
BRDA:13,0,0,7
BRDA:13,0,1,2
BRF:2
BRH:2
end_of_record
TN:
SF:src\middlewares\emptyBody.ts
FN:10,(anonymous_0)
FNF:1
FNH:1
FNDA:3,(anonymous_0)
DA:2,2
DA:10,2
DA:15,3
DA:16,3
DA:17,0
DA:19,3
DA:23,2
LF:7
LH:6
BRDA:16,0,0,0
BRDA:16,0,1,3
BRF:2
BRH:1
end_of_record
TN:
SF:src\middlewares\verifyToken.ts
FN:16,(anonymous_1)
FNF:1
FNH:0
FNDA:0,(anonymous_1)
DA:1,2
DA:3,2
DA:5,2
DA:6,2
DA:7,2
DA:8,2
DA:16,2
DA:21,0
DA:22,0
DA:23,0
DA:24,0
DA:33,0
DA:37,0
DA:38,0
DA:39,0
DA:40,0
DA:49,0
DA:51,0
DA:52,0
DA:61,0
DA:72,2
LF:21
LH:8
BRDA:22,0,0,0
BRDA:22,0,1,0
BRDA:23,1,0,0
BRDA:23,1,1,0
BRDA:35,2,0,0
BRDA:35,2,1,0
BRDA:39,3,0,0
BRDA:39,3,1,0
BRDA:51,4,0,0
BRDA:51,4,1,0
BRF:10
BRH:0
end_of_record
TN:
SF:src\routesV1\index.ts
FNF:0
FNH:0
DA:1,2
DA:2,2
DA:3,2
DA:5,2
DA:6,2
DA:7,2
DA:9,2
LF:7
LH:7
BRF:0
BRH:0
end_of_record
TN:
SF:src\routesV1\task.ts
FNF:0
FNH:0
DA:1,2
DA:2,2
DA:3,2
DA:4,2
DA:5,2
DA:7,2
DA:9,2
DA:15,2
DA:21,2
DA:28,2
DA:34,2
LF:11
LH:11
BRF:0
BRH:0
end_of_record
TN:
SF:src\routesV1\user.ts
FNF:0
FNH:0
DA:1,2
DA:2,2
DA:3,2
DA:4,2
DA:6,2
DA:7,2
DA:8,2
LF:7
LH:7
BRF:0
BRH:0
end_of_record
TN:
SF:src\utils\errorHandler.ts
FN:6,(anonymous_1)
FN:7,(anonymous_2)
FN:15,(anonymous_3)
FN:26,(anonymous_4)
FN:52,(anonymous_5)
FNF:5
FNH:3
FNDA:0,(anonymous_1)
FNDA:0,(anonymous_2)
FNDA:2,(anonymous_3)
FNDA:2,(anonymous_4)
FNDA:2,(anonymous_5)
DA:2,2
DA:3,2
DA:5,2
DA:6,2
DA:7,0
DA:8,0
DA:9,0
DA:11,0
DA:15,2
DA:16,2
DA:17,2
DA:18,2
DA:19,2
DA:20,2
DA:21,2
DA:22,2
DA:32,2
DA:41,2
DA:42,0
DA:46,2
DA:53,2
DA:54,2
DA:56,0
DA:59,2
LF:24
LH:18
BRDA:15,0,0,2
BRDA:15,0,1,2
BRDA:41,1,0,0
BRDA:41,1,1,2
BRDA:53,2,0,2
BRDA:53,2,1,0
BRF:6
BRH:4
end_of_record
TN:
SF:src\utils\generateToken.ts
FN:16,generateToken
FNF:1
FNH:1
FNDA:1,generateToken
DA:2,2
DA:3,2
DA:4,2
DA:16,2
DA:20,1
DA:21,1
LF:6
LH:6
BRDA:20,0,0,0
BRDA:20,0,1,1
BRDA:20,1,0,0
BRDA:20,1,1,0
BRDA:21,2,0,1
BRDA:21,2,1,0
BRF:6
BRH:2
end_of_record
TN:
SF:src\utils\logger.ts
FNF:0
FNH:0
DA:1,2
DA:2,2
DA:3,2
DA:4,2
DA:5,2
DA:7,2
DA:17,2
DA:21,2
DA:22,2
DA:30,2
LF:10
LH:10
BRDA:21,0,0,2
BRDA:21,0,1,0
BRF:2
BRH:1
end_of_record
TN:
SF:src\utils\serverResponse.ts
FN:18,(anonymous_0)
FN:32,ServerResponse
FNF:2
FNH:2
FNDA:2,(anonymous_0)
FNDA:4,ServerResponse
DA:13,2
DA:24,2
DA:25,2
DA:26,2
DA:27,2
DA:28,2
DA:32,2
DA:38,4
DA:39,1
DA:43,3
LF:10
LH:10
BRDA:38,0,0,1
BRDA:38,0,1,3
BRF:2
BRH:2
end_of_record
